<?xml version="1.0" encoding="UTF-8"?>
<!-- Generated by org.testng.reporters.JUnitXMLReporter -->
<testsuite hostname="MFG-Deepika" ignored="0" name="BankingApp Test" tests="3" failures="0" timestamp="27 May 2022 11:05:03 GMT" time="29.27" errors="0">
  <testcase name="@BeforeClass setup" time="20.717" classname="com.inetbanking.testcases.BaseClass">
    <failure type="org.openqa.selenium.SessionNotCreatedException" message="session not created: This version of ChromeDriver only supports Chrome version 100
Current browser version is 102.0.5005.61 with binary path C:\Program Files (x86)\Google\Chrome\Application\chrome.exe
Build info: version: &amp;apos;3.14.0&amp;apos;, revision: &amp;apos;aacccce0&amp;apos;, time: &amp;apos;2018-08-02T20:19:58.91Z&amp;apos;
System info: host: &amp;apos;MFG-DEEPIKA&amp;apos;, ip: &amp;apos;192.168.0.242&amp;apos;, os.name: &amp;apos;Windows 10&amp;apos;, os.arch: &amp;apos;amd64&amp;apos;, os.version: &amp;apos;10.0&amp;apos;, java.version: &amp;apos;1.8.0_202&amp;apos;
Driver info: driver.version: ChromeDriver
remote stacktrace: Backtrace:
	Ordinal0 [0x010B7413+2389011]
	Ordinal0 [0x01049F61+1941345]
	Ordinal0 [0x00F3C658+837208]
	Ordinal0 [0x00F5C773+968563]
	Ordinal0 [0x00F5837A+951162]
	Ordinal0 [0x00F55C51+941137]
	Ordinal0 [0x00F88C80+1150080]
	Ordinal0 [0x00F888DA+1149146]
	Ordinal0 [0x00F83F66+1130342]
	Ordinal0 [0x00F5E546+976198]
	Ordinal0 [0x00F5F456+980054]
	GetHandleVerifier [0x01269632+1727522]
	GetHandleVerifier [0x0131BA4D+2457661]
	GetHandleVerifier [0x0114EB81+569713]
	GetHandleVerifier [0x0114DD76+566118]
	Ordinal0 [0x01050B2B+1968939]
	Ordinal0 [0x01055988+1989000]
	Ordinal0 [0x01055A75+1989237]
	Ordinal0 [0x0105ECB1+2026673]
	BaseThreadInitThunk [0x7662FA29+25]
	RtlGetAppContainerNamedObjectPath [0x77967A7E+286]
	RtlGetAppContainerNamedObjectPath [0x77967A4E+238]
">
      <![CDATA[org.openqa.selenium.SessionNotCreatedException: session not created: This version of ChromeDriver only supports Chrome version 100
Current browser version is 102.0.5005.61 with binary path C:\Program Files (x86)\Google\Chrome\Application\chrome.exe
Build info: version: '3.14.0', revision: 'aacccce0', time: '2018-08-02T20:19:58.91Z'
System info: host: 'MFG-DEEPIKA', ip: '192.168.0.242', os.name: 'Windows 10', os.arch: 'amd64', os.version: '10.0', java.version: '1.8.0_202'
Driver info: driver.version: ChromeDriver
remote stacktrace: Backtrace:
Ordinal0 [0x010B7413+2389011]
Ordinal0 [0x01049F61+1941345]
Ordinal0 [0x00F3C658+837208]
Ordinal0 [0x00F5C773+968563]
Ordinal0 [0x00F5837A+951162]
Ordinal0 [0x00F55C51+941137]
Ordinal0 [0x00F88C80+1150080]
Ordinal0 [0x00F888DA+1149146]
Ordinal0 [0x00F83F66+1130342]
Ordinal0 [0x00F5E546+976198]
Ordinal0 [0x00F5F456+980054]
GetHandleVerifier [0x01269632+1727522]
GetHandleVerifier [0x0131BA4D+2457661]
GetHandleVerifier [0x0114EB81+569713]
GetHandleVerifier [0x0114DD76+566118]
Ordinal0 [0x01050B2B+1968939]
Ordinal0 [0x01055988+1989000]
Ordinal0 [0x01055A75+1989237]
Ordinal0 [0x0105ECB1+2026673]
BaseThreadInitThunk [0x7662FA29+25]
RtlGetAppContainerNamedObjectPath [0x77967A7E+286]
RtlGetAppContainerNamedObjectPath [0x77967A4E+238]

at org.openqa.selenium.remote.W3CHandshakeResponse.lambda$new$0(W3CHandshakeResponse.java:57)
at org.openqa.selenium.remote.W3CHandshakeResponse.lambda$getResponseFunction$2(W3CHandshakeResponse.java:104)
at org.openqa.selenium.remote.ProtocolHandshake.lambda$createSession$0(ProtocolHandshake.java:122)
at java.util.stream.ReferencePipeline$3$1.accept(ReferencePipeline.java:193)
at java.util.Spliterators$ArraySpliterator.tryAdvance(Spliterators.java:958)
at java.util.stream.ReferencePipeline.forEachWithCancel(ReferencePipeline.java:126)
at java.util.stream.AbstractPipeline.copyIntoWithCancel(AbstractPipeline.java:498)
at java.util.stream.AbstractPipeline.copyInto(AbstractPipeline.java:485)
at java.util.stream.AbstractPipeline.wrapAndCopyInto(AbstractPipeline.java:471)
at java.util.stream.FindOps$FindOp.evaluateSequential(FindOps.java:152)
at java.util.stream.AbstractPipeline.evaluate(AbstractPipeline.java:234)
at java.util.stream.ReferencePipeline.findFirst(ReferencePipeline.java:464)
at org.openqa.selenium.remote.ProtocolHandshake.createSession(ProtocolHandshake.java:125)
at org.openqa.selenium.remote.ProtocolHandshake.createSession(ProtocolHandshake.java:73)
at org.openqa.selenium.remote.HttpCommandExecutor.execute(HttpCommandExecutor.java:136)
at org.openqa.selenium.remote.service.DriverCommandExecutor.execute(DriverCommandExecutor.java:83)
at org.openqa.selenium.remote.RemoteWebDriver.execute(RemoteWebDriver.java:548)
at org.openqa.selenium.remote.RemoteWebDriver.startSession(RemoteWebDriver.java:212)
at org.openqa.selenium.remote.RemoteWebDriver.<init>(RemoteWebDriver.java:130)
at org.openqa.selenium.chrome.ChromeDriver.<init>(ChromeDriver.java:181)
at org.openqa.selenium.chrome.ChromeDriver.<init>(ChromeDriver.java:168)
at org.openqa.selenium.chrome.ChromeDriver.<init>(ChromeDriver.java:123)
at com.inetbanking.testcases.BaseClass.setup(BaseClass.java:44)
... Removed 33 stack frames]]>
    </failure>
  </testcase> <!-- @BeforeClass setup -->
  <testcase name="@AfterClass tearDown" time="0.0" classname="com.inetbanking.testcases.BaseClass">
    <skipped/>
  </testcase> <!-- @AfterClass tearDown -->
  <testcase name="@BeforeClass setup" time="3.721" classname="com.inetbanking.testcases.BaseClass">
    <failure type="org.openqa.selenium.SessionNotCreatedException" message="session not created: This version of ChromeDriver only supports Chrome version 100
Current browser version is 102.0.5005.61 with binary path C:\Program Files (x86)\Google\Chrome\Application\chrome.exe
Build info: version: &amp;apos;3.14.0&amp;apos;, revision: &amp;apos;aacccce0&amp;apos;, time: &amp;apos;2018-08-02T20:19:58.91Z&amp;apos;
System info: host: &amp;apos;MFG-DEEPIKA&amp;apos;, ip: &amp;apos;192.168.0.242&amp;apos;, os.name: &amp;apos;Windows 10&amp;apos;, os.arch: &amp;apos;amd64&amp;apos;, os.version: &amp;apos;10.0&amp;apos;, java.version: &amp;apos;1.8.0_202&amp;apos;
Driver info: driver.version: ChromeDriver
remote stacktrace: Backtrace:
	Ordinal0 [0x010B7413+2389011]
	Ordinal0 [0x01049F61+1941345]
	Ordinal0 [0x00F3C658+837208]
	Ordinal0 [0x00F5C773+968563]
	Ordinal0 [0x00F5837A+951162]
	Ordinal0 [0x00F55C51+941137]
	Ordinal0 [0x00F88C80+1150080]
	Ordinal0 [0x00F888DA+1149146]
	Ordinal0 [0x00F83F66+1130342]
	Ordinal0 [0x00F5E546+976198]
	Ordinal0 [0x00F5F456+980054]
	GetHandleVerifier [0x01269632+1727522]
	GetHandleVerifier [0x0131BA4D+2457661]
	GetHandleVerifier [0x0114EB81+569713]
	GetHandleVerifier [0x0114DD76+566118]
	Ordinal0 [0x01050B2B+1968939]
	Ordinal0 [0x01055988+1989000]
	Ordinal0 [0x01055A75+1989237]
	Ordinal0 [0x0105ECB1+2026673]
	BaseThreadInitThunk [0x7662FA29+25]
	RtlGetAppContainerNamedObjectPath [0x77967A7E+286]
	RtlGetAppContainerNamedObjectPath [0x77967A4E+238]
">
      <![CDATA[org.openqa.selenium.SessionNotCreatedException: session not created: This version of ChromeDriver only supports Chrome version 100
Current browser version is 102.0.5005.61 with binary path C:\Program Files (x86)\Google\Chrome\Application\chrome.exe
Build info: version: '3.14.0', revision: 'aacccce0', time: '2018-08-02T20:19:58.91Z'
System info: host: 'MFG-DEEPIKA', ip: '192.168.0.242', os.name: 'Windows 10', os.arch: 'amd64', os.version: '10.0', java.version: '1.8.0_202'
Driver info: driver.version: ChromeDriver
remote stacktrace: Backtrace:
Ordinal0 [0x010B7413+2389011]
Ordinal0 [0x01049F61+1941345]
Ordinal0 [0x00F3C658+837208]
Ordinal0 [0x00F5C773+968563]
Ordinal0 [0x00F5837A+951162]
Ordinal0 [0x00F55C51+941137]
Ordinal0 [0x00F88C80+1150080]
Ordinal0 [0x00F888DA+1149146]
Ordinal0 [0x00F83F66+1130342]
Ordinal0 [0x00F5E546+976198]
Ordinal0 [0x00F5F456+980054]
GetHandleVerifier [0x01269632+1727522]
GetHandleVerifier [0x0131BA4D+2457661]
GetHandleVerifier [0x0114EB81+569713]
GetHandleVerifier [0x0114DD76+566118]
Ordinal0 [0x01050B2B+1968939]
Ordinal0 [0x01055988+1989000]
Ordinal0 [0x01055A75+1989237]
Ordinal0 [0x0105ECB1+2026673]
BaseThreadInitThunk [0x7662FA29+25]
RtlGetAppContainerNamedObjectPath [0x77967A7E+286]
RtlGetAppContainerNamedObjectPath [0x77967A4E+238]

at org.openqa.selenium.remote.W3CHandshakeResponse.lambda$new$0(W3CHandshakeResponse.java:57)
at org.openqa.selenium.remote.W3CHandshakeResponse.lambda$getResponseFunction$2(W3CHandshakeResponse.java:104)
at org.openqa.selenium.remote.ProtocolHandshake.lambda$createSession$0(ProtocolHandshake.java:122)
at java.util.stream.ReferencePipeline$3$1.accept(ReferencePipeline.java:193)
at java.util.Spliterators$ArraySpliterator.tryAdvance(Spliterators.java:958)
at java.util.stream.ReferencePipeline.forEachWithCancel(ReferencePipeline.java:126)
at java.util.stream.AbstractPipeline.copyIntoWithCancel(AbstractPipeline.java:498)
at java.util.stream.AbstractPipeline.copyInto(AbstractPipeline.java:485)
at java.util.stream.AbstractPipeline.wrapAndCopyInto(AbstractPipeline.java:471)
at java.util.stream.FindOps$FindOp.evaluateSequential(FindOps.java:152)
at java.util.stream.AbstractPipeline.evaluate(AbstractPipeline.java:234)
at java.util.stream.ReferencePipeline.findFirst(ReferencePipeline.java:464)
at org.openqa.selenium.remote.ProtocolHandshake.createSession(ProtocolHandshake.java:125)
at org.openqa.selenium.remote.ProtocolHandshake.createSession(ProtocolHandshake.java:73)
at org.openqa.selenium.remote.HttpCommandExecutor.execute(HttpCommandExecutor.java:136)
at org.openqa.selenium.remote.service.DriverCommandExecutor.execute(DriverCommandExecutor.java:83)
at org.openqa.selenium.remote.RemoteWebDriver.execute(RemoteWebDriver.java:548)
at org.openqa.selenium.remote.RemoteWebDriver.startSession(RemoteWebDriver.java:212)
at org.openqa.selenium.remote.RemoteWebDriver.<init>(RemoteWebDriver.java:130)
at org.openqa.selenium.chrome.ChromeDriver.<init>(ChromeDriver.java:181)
at org.openqa.selenium.chrome.ChromeDriver.<init>(ChromeDriver.java:168)
at org.openqa.selenium.chrome.ChromeDriver.<init>(ChromeDriver.java:123)
at com.inetbanking.testcases.BaseClass.setup(BaseClass.java:44)
... Removed 33 stack frames]]>
    </failure>
  </testcase> <!-- @BeforeClass setup -->
  <testcase name="@AfterClass tearDown" time="0.0" classname="com.inetbanking.testcases.BaseClass">
    <skipped/>
  </testcase> <!-- @AfterClass tearDown -->
  <testcase name="@BeforeClass setup" time="3.558" classname="com.inetbanking.testcases.BaseClass">
    <failure type="org.openqa.selenium.SessionNotCreatedException" message="session not created: This version of ChromeDriver only supports Chrome version 100
Current browser version is 102.0.5005.61 with binary path C:\Program Files (x86)\Google\Chrome\Application\chrome.exe
Build info: version: &amp;apos;3.14.0&amp;apos;, revision: &amp;apos;aacccce0&amp;apos;, time: &amp;apos;2018-08-02T20:19:58.91Z&amp;apos;
System info: host: &amp;apos;MFG-DEEPIKA&amp;apos;, ip: &amp;apos;192.168.0.242&amp;apos;, os.name: &amp;apos;Windows 10&amp;apos;, os.arch: &amp;apos;amd64&amp;apos;, os.version: &amp;apos;10.0&amp;apos;, java.version: &amp;apos;1.8.0_202&amp;apos;
Driver info: driver.version: ChromeDriver
remote stacktrace: Backtrace:
	Ordinal0 [0x010B7413+2389011]
	Ordinal0 [0x01049F61+1941345]
	Ordinal0 [0x00F3C658+837208]
	Ordinal0 [0x00F5C773+968563]
	Ordinal0 [0x00F5837A+951162]
	Ordinal0 [0x00F55C51+941137]
	Ordinal0 [0x00F88C80+1150080]
	Ordinal0 [0x00F888DA+1149146]
	Ordinal0 [0x00F83F66+1130342]
	Ordinal0 [0x00F5E546+976198]
	Ordinal0 [0x00F5F456+980054]
	GetHandleVerifier [0x01269632+1727522]
	GetHandleVerifier [0x0131BA4D+2457661]
	GetHandleVerifier [0x0114EB81+569713]
	GetHandleVerifier [0x0114DD76+566118]
	Ordinal0 [0x01050B2B+1968939]
	Ordinal0 [0x01055988+1989000]
	Ordinal0 [0x01055A75+1989237]
	Ordinal0 [0x0105ECB1+2026673]
	BaseThreadInitThunk [0x7662FA29+25]
	RtlGetAppContainerNamedObjectPath [0x77967A7E+286]
	RtlGetAppContainerNamedObjectPath [0x77967A4E+238]
">
      <![CDATA[org.openqa.selenium.SessionNotCreatedException: session not created: This version of ChromeDriver only supports Chrome version 100
Current browser version is 102.0.5005.61 with binary path C:\Program Files (x86)\Google\Chrome\Application\chrome.exe
Build info: version: '3.14.0', revision: 'aacccce0', time: '2018-08-02T20:19:58.91Z'
System info: host: 'MFG-DEEPIKA', ip: '192.168.0.242', os.name: 'Windows 10', os.arch: 'amd64', os.version: '10.0', java.version: '1.8.0_202'
Driver info: driver.version: ChromeDriver
remote stacktrace: Backtrace:
Ordinal0 [0x010B7413+2389011]
Ordinal0 [0x01049F61+1941345]
Ordinal0 [0x00F3C658+837208]
Ordinal0 [0x00F5C773+968563]
Ordinal0 [0x00F5837A+951162]
Ordinal0 [0x00F55C51+941137]
Ordinal0 [0x00F88C80+1150080]
Ordinal0 [0x00F888DA+1149146]
Ordinal0 [0x00F83F66+1130342]
Ordinal0 [0x00F5E546+976198]
Ordinal0 [0x00F5F456+980054]
GetHandleVerifier [0x01269632+1727522]
GetHandleVerifier [0x0131BA4D+2457661]
GetHandleVerifier [0x0114EB81+569713]
GetHandleVerifier [0x0114DD76+566118]
Ordinal0 [0x01050B2B+1968939]
Ordinal0 [0x01055988+1989000]
Ordinal0 [0x01055A75+1989237]
Ordinal0 [0x0105ECB1+2026673]
BaseThreadInitThunk [0x7662FA29+25]
RtlGetAppContainerNamedObjectPath [0x77967A7E+286]
RtlGetAppContainerNamedObjectPath [0x77967A4E+238]

at org.openqa.selenium.remote.W3CHandshakeResponse.lambda$new$0(W3CHandshakeResponse.java:57)
at org.openqa.selenium.remote.W3CHandshakeResponse.lambda$getResponseFunction$2(W3CHandshakeResponse.java:104)
at org.openqa.selenium.remote.ProtocolHandshake.lambda$createSession$0(ProtocolHandshake.java:122)
at java.util.stream.ReferencePipeline$3$1.accept(ReferencePipeline.java:193)
at java.util.Spliterators$ArraySpliterator.tryAdvance(Spliterators.java:958)
at java.util.stream.ReferencePipeline.forEachWithCancel(ReferencePipeline.java:126)
at java.util.stream.AbstractPipeline.copyIntoWithCancel(AbstractPipeline.java:498)
at java.util.stream.AbstractPipeline.copyInto(AbstractPipeline.java:485)
at java.util.stream.AbstractPipeline.wrapAndCopyInto(AbstractPipeline.java:471)
at java.util.stream.FindOps$FindOp.evaluateSequential(FindOps.java:152)
at java.util.stream.AbstractPipeline.evaluate(AbstractPipeline.java:234)
at java.util.stream.ReferencePipeline.findFirst(ReferencePipeline.java:464)
at org.openqa.selenium.remote.ProtocolHandshake.createSession(ProtocolHandshake.java:125)
at org.openqa.selenium.remote.ProtocolHandshake.createSession(ProtocolHandshake.java:73)
at org.openqa.selenium.remote.HttpCommandExecutor.execute(HttpCommandExecutor.java:136)
at org.openqa.selenium.remote.service.DriverCommandExecutor.execute(DriverCommandExecutor.java:83)
at org.openqa.selenium.remote.RemoteWebDriver.execute(RemoteWebDriver.java:548)
at org.openqa.selenium.remote.RemoteWebDriver.startSession(RemoteWebDriver.java:212)
at org.openqa.selenium.remote.RemoteWebDriver.<init>(RemoteWebDriver.java:130)
at org.openqa.selenium.chrome.ChromeDriver.<init>(ChromeDriver.java:181)
at org.openqa.selenium.chrome.ChromeDriver.<init>(ChromeDriver.java:168)
at org.openqa.selenium.chrome.ChromeDriver.<init>(ChromeDriver.java:123)
at com.inetbanking.testcases.BaseClass.setup(BaseClass.java:44)
... Removed 33 stack frames]]>
    </failure>
  </testcase> <!-- @BeforeClass setup -->
  <testcase name="@AfterClass tearDown" time="0.0" classname="com.inetbanking.testcases.BaseClass">
    <skipped/>
  </testcase> <!-- @AfterClass tearDown -->
  <testcase name="loginTest" time="0.0" classname="com.inetbanking.testcases.TC_LoginTest_001">
    <skipped/>
  </testcase> <!-- loginTest -->
  <testcase name="loginDDT" time="0.0" classname="com.inetbanking.testcases.TC_LoginDDT_002">
    <skipped/>
  </testcase> <!-- loginDDT -->
  <testcase name="addNewCustomer" time="0.0" classname="com.inetbanking.testcases.TC_AddCustomerTest_003">
    <skipped/>
  </testcase> <!-- addNewCustomer -->
</testsuite> <!-- BankingApp Test -->
