<?xml version="1.0" encoding="UTF-8"?>
<!-- Generated by org.testng.reporters.JUnitXMLReporter -->
<testsuite ignored="0" hostname="MFG-Deepika" failures="0" tests="3" name="BankingApp Test" time="21.233" errors="0" timestamp="26 May 2022 10:27:38 GMT">
  <testcase classname="com.inetbanking.testcases.BaseClass" name="@BeforeClass setup" time="9.33">
    <failure type="org.openqa.selenium.SessionNotCreatedException" message="session not created: This version of ChromeDriver only supports Chrome version 100
Current browser version is 102.0.5005.61 with binary path C:\Program Files (x86)\Google\Chrome\Application\chrome.exe
Build info: version: &amp;apos;3.14.0&amp;apos;, revision: &amp;apos;aacccce0&amp;apos;, time: &amp;apos;2018-08-02T20:19:58.91Z&amp;apos;
System info: host: &amp;apos;MFG-DEEPIKA&amp;apos;, ip: &amp;apos;192.168.0.242&amp;apos;, os.name: &amp;apos;Windows 10&amp;apos;, os.arch: &amp;apos;amd64&amp;apos;, os.version: &amp;apos;10.0&amp;apos;, java.version: &amp;apos;17.0.1&amp;apos;
Driver info: driver.version: ChromeDriver
remote stacktrace: Backtrace:
	Ordinal0 [0x00F37413+2389011]
	Ordinal0 [0x00EC9F61+1941345]
	Ordinal0 [0x00DBC658+837208]
	Ordinal0 [0x00DDC773+968563]
	Ordinal0 [0x00DD837A+951162]
	Ordinal0 [0x00DD5C51+941137]
	Ordinal0 [0x00E08C80+1150080]
	Ordinal0 [0x00E088DA+1149146]
	Ordinal0 [0x00E03F66+1130342]
	Ordinal0 [0x00DDE546+976198]
	Ordinal0 [0x00DDF456+980054]
	GetHandleVerifier [0x010E9632+1727522]
	GetHandleVerifier [0x0119BA4D+2457661]
	GetHandleVerifier [0x00FCEB81+569713]
	GetHandleVerifier [0x00FCDD76+566118]
	Ordinal0 [0x00ED0B2B+1968939]
	Ordinal0 [0x00ED5988+1989000]
	Ordinal0 [0x00ED5A75+1989237]
	Ordinal0 [0x00EDECB1+2026673]
	BaseThreadInitThunk [0x7662FA29+25]
	RtlGetAppContainerNamedObjectPath [0x77967A7E+286]
	RtlGetAppContainerNamedObjectPath [0x77967A4E+238]
">
      <![CDATA[org.openqa.selenium.SessionNotCreatedException: session not created: This version of ChromeDriver only supports Chrome version 100
Current browser version is 102.0.5005.61 with binary path C:\Program Files (x86)\Google\Chrome\Application\chrome.exe
Build info: version: '3.14.0', revision: 'aacccce0', time: '2018-08-02T20:19:58.91Z'
System info: host: 'MFG-DEEPIKA', ip: '192.168.0.242', os.name: 'Windows 10', os.arch: 'amd64', os.version: '10.0', java.version: '17.0.1'
Driver info: driver.version: ChromeDriver
remote stacktrace: Backtrace:
Ordinal0 [0x00F37413+2389011]
Ordinal0 [0x00EC9F61+1941345]
Ordinal0 [0x00DBC658+837208]
Ordinal0 [0x00DDC773+968563]
Ordinal0 [0x00DD837A+951162]
Ordinal0 [0x00DD5C51+941137]
Ordinal0 [0x00E08C80+1150080]
Ordinal0 [0x00E088DA+1149146]
Ordinal0 [0x00E03F66+1130342]
Ordinal0 [0x00DDE546+976198]
Ordinal0 [0x00DDF456+980054]
GetHandleVerifier [0x010E9632+1727522]
GetHandleVerifier [0x0119BA4D+2457661]
GetHandleVerifier [0x00FCEB81+569713]
GetHandleVerifier [0x00FCDD76+566118]
Ordinal0 [0x00ED0B2B+1968939]
Ordinal0 [0x00ED5988+1989000]
Ordinal0 [0x00ED5A75+1989237]
Ordinal0 [0x00EDECB1+2026673]
BaseThreadInitThunk [0x7662FA29+25]
RtlGetAppContainerNamedObjectPath [0x77967A7E+286]
RtlGetAppContainerNamedObjectPath [0x77967A4E+238]

at org.openqa.selenium.remote.W3CHandshakeResponse.lambda$new$0(W3CHandshakeResponse.java:57)
at org.openqa.selenium.remote.W3CHandshakeResponse.lambda$getResponseFunction$2(W3CHandshakeResponse.java:104)
at org.openqa.selenium.remote.ProtocolHandshake.lambda$createSession$0(ProtocolHandshake.java:122)
at java.base/java.util.stream.ReferencePipeline$3$1.accept(ReferencePipeline.java:197)
at java.base/java.util.Spliterators$ArraySpliterator.tryAdvance(Spliterators.java:1002)
at java.base/java.util.stream.ReferencePipeline.forEachWithCancel(ReferencePipeline.java:129)
at java.base/java.util.stream.AbstractPipeline.copyIntoWithCancel(AbstractPipeline.java:527)
at java.base/java.util.stream.AbstractPipeline.copyInto(AbstractPipeline.java:513)
at java.base/java.util.stream.AbstractPipeline.wrapAndCopyInto(AbstractPipeline.java:499)
at java.base/java.util.stream.FindOps$FindOp.evaluateSequential(FindOps.java:150)
at java.base/java.util.stream.AbstractPipeline.evaluate(AbstractPipeline.java:234)
at java.base/java.util.stream.ReferencePipeline.findFirst(ReferencePipeline.java:647)
at org.openqa.selenium.remote.ProtocolHandshake.createSession(ProtocolHandshake.java:125)
at org.openqa.selenium.remote.ProtocolHandshake.createSession(ProtocolHandshake.java:73)
at org.openqa.selenium.remote.HttpCommandExecutor.execute(HttpCommandExecutor.java:136)
at org.openqa.selenium.remote.service.DriverCommandExecutor.execute(DriverCommandExecutor.java:83)
at org.openqa.selenium.remote.RemoteWebDriver.execute(RemoteWebDriver.java:548)
at org.openqa.selenium.remote.RemoteWebDriver.startSession(RemoteWebDriver.java:212)
at org.openqa.selenium.remote.RemoteWebDriver.<init>(RemoteWebDriver.java:130)
at org.openqa.selenium.chrome.ChromeDriver.<init>(ChromeDriver.java:181)
at org.openqa.selenium.chrome.ChromeDriver.<init>(ChromeDriver.java:168)
at org.openqa.selenium.chrome.ChromeDriver.<init>(ChromeDriver.java:123)
at com.inetbanking.testcases.BaseClass.setup(BaseClass.java:44)
... Removed 31 stack frames]]>
    </failure>
  </testcase> <!-- @BeforeClass setup -->
  <testcase classname="com.inetbanking.testcases.BaseClass" name="@AfterClass tearDown" time="0.0">
    <skipped/>
  </testcase> <!-- @AfterClass tearDown -->
  <testcase classname="com.inetbanking.testcases.BaseClass" name="@BeforeClass setup" time="4.705">
    <failure type="org.openqa.selenium.SessionNotCreatedException" message="session not created: This version of ChromeDriver only supports Chrome version 100
Current browser version is 102.0.5005.61 with binary path C:\Program Files (x86)\Google\Chrome\Application\chrome.exe
Build info: version: &amp;apos;3.14.0&amp;apos;, revision: &amp;apos;aacccce0&amp;apos;, time: &amp;apos;2018-08-02T20:19:58.91Z&amp;apos;
System info: host: &amp;apos;MFG-DEEPIKA&amp;apos;, ip: &amp;apos;192.168.0.242&amp;apos;, os.name: &amp;apos;Windows 10&amp;apos;, os.arch: &amp;apos;amd64&amp;apos;, os.version: &amp;apos;10.0&amp;apos;, java.version: &amp;apos;17.0.1&amp;apos;
Driver info: driver.version: ChromeDriver
remote stacktrace: Backtrace:
	Ordinal0 [0x00F37413+2389011]
	Ordinal0 [0x00EC9F61+1941345]
	Ordinal0 [0x00DBC658+837208]
	Ordinal0 [0x00DDC773+968563]
	Ordinal0 [0x00DD837A+951162]
	Ordinal0 [0x00DD5C51+941137]
	Ordinal0 [0x00E08C80+1150080]
	Ordinal0 [0x00E088DA+1149146]
	Ordinal0 [0x00E03F66+1130342]
	Ordinal0 [0x00DDE546+976198]
	Ordinal0 [0x00DDF456+980054]
	GetHandleVerifier [0x010E9632+1727522]
	GetHandleVerifier [0x0119BA4D+2457661]
	GetHandleVerifier [0x00FCEB81+569713]
	GetHandleVerifier [0x00FCDD76+566118]
	Ordinal0 [0x00ED0B2B+1968939]
	Ordinal0 [0x00ED5988+1989000]
	Ordinal0 [0x00ED5A75+1989237]
	Ordinal0 [0x00EDECB1+2026673]
	BaseThreadInitThunk [0x7662FA29+25]
	RtlGetAppContainerNamedObjectPath [0x77967A7E+286]
	RtlGetAppContainerNamedObjectPath [0x77967A4E+238]
">
      <![CDATA[org.openqa.selenium.SessionNotCreatedException: session not created: This version of ChromeDriver only supports Chrome version 100
Current browser version is 102.0.5005.61 with binary path C:\Program Files (x86)\Google\Chrome\Application\chrome.exe
Build info: version: '3.14.0', revision: 'aacccce0', time: '2018-08-02T20:19:58.91Z'
System info: host: 'MFG-DEEPIKA', ip: '192.168.0.242', os.name: 'Windows 10', os.arch: 'amd64', os.version: '10.0', java.version: '17.0.1'
Driver info: driver.version: ChromeDriver
remote stacktrace: Backtrace:
Ordinal0 [0x00F37413+2389011]
Ordinal0 [0x00EC9F61+1941345]
Ordinal0 [0x00DBC658+837208]
Ordinal0 [0x00DDC773+968563]
Ordinal0 [0x00DD837A+951162]
Ordinal0 [0x00DD5C51+941137]
Ordinal0 [0x00E08C80+1150080]
Ordinal0 [0x00E088DA+1149146]
Ordinal0 [0x00E03F66+1130342]
Ordinal0 [0x00DDE546+976198]
Ordinal0 [0x00DDF456+980054]
GetHandleVerifier [0x010E9632+1727522]
GetHandleVerifier [0x0119BA4D+2457661]
GetHandleVerifier [0x00FCEB81+569713]
GetHandleVerifier [0x00FCDD76+566118]
Ordinal0 [0x00ED0B2B+1968939]
Ordinal0 [0x00ED5988+1989000]
Ordinal0 [0x00ED5A75+1989237]
Ordinal0 [0x00EDECB1+2026673]
BaseThreadInitThunk [0x7662FA29+25]
RtlGetAppContainerNamedObjectPath [0x77967A7E+286]
RtlGetAppContainerNamedObjectPath [0x77967A4E+238]

at org.openqa.selenium.remote.W3CHandshakeResponse.lambda$new$0(W3CHandshakeResponse.java:57)
at org.openqa.selenium.remote.W3CHandshakeResponse.lambda$getResponseFunction$2(W3CHandshakeResponse.java:104)
at org.openqa.selenium.remote.ProtocolHandshake.lambda$createSession$0(ProtocolHandshake.java:122)
at java.base/java.util.stream.ReferencePipeline$3$1.accept(ReferencePipeline.java:197)
at java.base/java.util.Spliterators$ArraySpliterator.tryAdvance(Spliterators.java:1002)
at java.base/java.util.stream.ReferencePipeline.forEachWithCancel(ReferencePipeline.java:129)
at java.base/java.util.stream.AbstractPipeline.copyIntoWithCancel(AbstractPipeline.java:527)
at java.base/java.util.stream.AbstractPipeline.copyInto(AbstractPipeline.java:513)
at java.base/java.util.stream.AbstractPipeline.wrapAndCopyInto(AbstractPipeline.java:499)
at java.base/java.util.stream.FindOps$FindOp.evaluateSequential(FindOps.java:150)
at java.base/java.util.stream.AbstractPipeline.evaluate(AbstractPipeline.java:234)
at java.base/java.util.stream.ReferencePipeline.findFirst(ReferencePipeline.java:647)
at org.openqa.selenium.remote.ProtocolHandshake.createSession(ProtocolHandshake.java:125)
at org.openqa.selenium.remote.ProtocolHandshake.createSession(ProtocolHandshake.java:73)
at org.openqa.selenium.remote.HttpCommandExecutor.execute(HttpCommandExecutor.java:136)
at org.openqa.selenium.remote.service.DriverCommandExecutor.execute(DriverCommandExecutor.java:83)
at org.openqa.selenium.remote.RemoteWebDriver.execute(RemoteWebDriver.java:548)
at org.openqa.selenium.remote.RemoteWebDriver.startSession(RemoteWebDriver.java:212)
at org.openqa.selenium.remote.RemoteWebDriver.<init>(RemoteWebDriver.java:130)
at org.openqa.selenium.chrome.ChromeDriver.<init>(ChromeDriver.java:181)
at org.openqa.selenium.chrome.ChromeDriver.<init>(ChromeDriver.java:168)
at org.openqa.selenium.chrome.ChromeDriver.<init>(ChromeDriver.java:123)
at com.inetbanking.testcases.BaseClass.setup(BaseClass.java:44)
... Removed 31 stack frames]]>
    </failure>
  </testcase> <!-- @BeforeClass setup -->
  <testcase classname="com.inetbanking.testcases.BaseClass" name="@AfterClass tearDown" time="0.0">
    <skipped/>
  </testcase> <!-- @AfterClass tearDown -->
  <testcase classname="com.inetbanking.testcases.BaseClass" name="@BeforeClass setup" time="6.595">
    <failure type="org.openqa.selenium.SessionNotCreatedException" message="session not created: This version of ChromeDriver only supports Chrome version 100
Current browser version is 102.0.5005.61 with binary path C:\Program Files (x86)\Google\Chrome\Application\chrome.exe
Build info: version: &amp;apos;3.14.0&amp;apos;, revision: &amp;apos;aacccce0&amp;apos;, time: &amp;apos;2018-08-02T20:19:58.91Z&amp;apos;
System info: host: &amp;apos;MFG-DEEPIKA&amp;apos;, ip: &amp;apos;192.168.0.242&amp;apos;, os.name: &amp;apos;Windows 10&amp;apos;, os.arch: &amp;apos;amd64&amp;apos;, os.version: &amp;apos;10.0&amp;apos;, java.version: &amp;apos;17.0.1&amp;apos;
Driver info: driver.version: ChromeDriver
remote stacktrace: Backtrace:
	Ordinal0 [0x00F37413+2389011]
	Ordinal0 [0x00EC9F61+1941345]
	Ordinal0 [0x00DBC658+837208]
	Ordinal0 [0x00DDC773+968563]
	Ordinal0 [0x00DD837A+951162]
	Ordinal0 [0x00DD5C51+941137]
	Ordinal0 [0x00E08C80+1150080]
	Ordinal0 [0x00E088DA+1149146]
	Ordinal0 [0x00E03F66+1130342]
	Ordinal0 [0x00DDE546+976198]
	Ordinal0 [0x00DDF456+980054]
	GetHandleVerifier [0x010E9632+1727522]
	GetHandleVerifier [0x0119BA4D+2457661]
	GetHandleVerifier [0x00FCEB81+569713]
	GetHandleVerifier [0x00FCDD76+566118]
	Ordinal0 [0x00ED0B2B+1968939]
	Ordinal0 [0x00ED5988+1989000]
	Ordinal0 [0x00ED5A75+1989237]
	Ordinal0 [0x00EDECB1+2026673]
	BaseThreadInitThunk [0x7662FA29+25]
	RtlGetAppContainerNamedObjectPath [0x77967A7E+286]
	RtlGetAppContainerNamedObjectPath [0x77967A4E+238]
">
      <![CDATA[org.openqa.selenium.SessionNotCreatedException: session not created: This version of ChromeDriver only supports Chrome version 100
Current browser version is 102.0.5005.61 with binary path C:\Program Files (x86)\Google\Chrome\Application\chrome.exe
Build info: version: '3.14.0', revision: 'aacccce0', time: '2018-08-02T20:19:58.91Z'
System info: host: 'MFG-DEEPIKA', ip: '192.168.0.242', os.name: 'Windows 10', os.arch: 'amd64', os.version: '10.0', java.version: '17.0.1'
Driver info: driver.version: ChromeDriver
remote stacktrace: Backtrace:
Ordinal0 [0x00F37413+2389011]
Ordinal0 [0x00EC9F61+1941345]
Ordinal0 [0x00DBC658+837208]
Ordinal0 [0x00DDC773+968563]
Ordinal0 [0x00DD837A+951162]
Ordinal0 [0x00DD5C51+941137]
Ordinal0 [0x00E08C80+1150080]
Ordinal0 [0x00E088DA+1149146]
Ordinal0 [0x00E03F66+1130342]
Ordinal0 [0x00DDE546+976198]
Ordinal0 [0x00DDF456+980054]
GetHandleVerifier [0x010E9632+1727522]
GetHandleVerifier [0x0119BA4D+2457661]
GetHandleVerifier [0x00FCEB81+569713]
GetHandleVerifier [0x00FCDD76+566118]
Ordinal0 [0x00ED0B2B+1968939]
Ordinal0 [0x00ED5988+1989000]
Ordinal0 [0x00ED5A75+1989237]
Ordinal0 [0x00EDECB1+2026673]
BaseThreadInitThunk [0x7662FA29+25]
RtlGetAppContainerNamedObjectPath [0x77967A7E+286]
RtlGetAppContainerNamedObjectPath [0x77967A4E+238]

at org.openqa.selenium.remote.W3CHandshakeResponse.lambda$new$0(W3CHandshakeResponse.java:57)
at org.openqa.selenium.remote.W3CHandshakeResponse.lambda$getResponseFunction$2(W3CHandshakeResponse.java:104)
at org.openqa.selenium.remote.ProtocolHandshake.lambda$createSession$0(ProtocolHandshake.java:122)
at java.base/java.util.stream.ReferencePipeline$3$1.accept(ReferencePipeline.java:197)
at java.base/java.util.Spliterators$ArraySpliterator.tryAdvance(Spliterators.java:1002)
at java.base/java.util.stream.ReferencePipeline.forEachWithCancel(ReferencePipeline.java:129)
at java.base/java.util.stream.AbstractPipeline.copyIntoWithCancel(AbstractPipeline.java:527)
at java.base/java.util.stream.AbstractPipeline.copyInto(AbstractPipeline.java:513)
at java.base/java.util.stream.AbstractPipeline.wrapAndCopyInto(AbstractPipeline.java:499)
at java.base/java.util.stream.FindOps$FindOp.evaluateSequential(FindOps.java:150)
at java.base/java.util.stream.AbstractPipeline.evaluate(AbstractPipeline.java:234)
at java.base/java.util.stream.ReferencePipeline.findFirst(ReferencePipeline.java:647)
at org.openqa.selenium.remote.ProtocolHandshake.createSession(ProtocolHandshake.java:125)
at org.openqa.selenium.remote.ProtocolHandshake.createSession(ProtocolHandshake.java:73)
at org.openqa.selenium.remote.HttpCommandExecutor.execute(HttpCommandExecutor.java:136)
at org.openqa.selenium.remote.service.DriverCommandExecutor.execute(DriverCommandExecutor.java:83)
at org.openqa.selenium.remote.RemoteWebDriver.execute(RemoteWebDriver.java:548)
at org.openqa.selenium.remote.RemoteWebDriver.startSession(RemoteWebDriver.java:212)
at org.openqa.selenium.remote.RemoteWebDriver.<init>(RemoteWebDriver.java:130)
at org.openqa.selenium.chrome.ChromeDriver.<init>(ChromeDriver.java:181)
at org.openqa.selenium.chrome.ChromeDriver.<init>(ChromeDriver.java:168)
at org.openqa.selenium.chrome.ChromeDriver.<init>(ChromeDriver.java:123)
at com.inetbanking.testcases.BaseClass.setup(BaseClass.java:44)
... Removed 31 stack frames]]>
    </failure>
  </testcase> <!-- @BeforeClass setup -->
  <testcase classname="com.inetbanking.testcases.BaseClass" name="@AfterClass tearDown" time="0.0">
    <skipped/>
  </testcase> <!-- @AfterClass tearDown -->
  <testcase classname="com.inetbanking.testcases.TC_LoginTest_001" name="loginTest" time="0.0">
    <skipped/>
  </testcase> <!-- loginTest -->
  <testcase classname="com.inetbanking.testcases.TC_LoginDDT_002" name="loginDDT" time="0.0">
    <skipped/>
  </testcase> <!-- loginDDT -->
  <testcase classname="com.inetbanking.testcases.TC_AddCustomerTest_003" name="addNewCustomer" time="0.0">
    <skipped/>
  </testcase> <!-- addNewCustomer -->
</testsuite> <!-- BankingApp Test -->
