<!DOCTYPE html PUBLIC "-//W3C//DTD XHTML 1.1//EN" "http://www.w3.org/TR/xhtml11/DTD/xhtml11.dtd">
<html xmlns="http://www.w3.org/1999/xhtml">
<head>
<meta http-equiv="content-type" content="text/html; charset=UTF-8"/>
<title>TestNG Report</title>
<style type="text/css">table {margin-bottom:10px;border-collapse:collapse;empty-cells:show}th,td {border:1px solid #009;padding:.25em .5em}th {vertical-align:bottom}td {vertical-align:top}table a {font-weight:bold}.stripe td {background-color: #E6EBF9}.num {text-align:right}.passedodd td {background-color: #3F3}.passedeven td {background-color: #0A0}.skippedodd td {background-color: #DDD}.skippedeven td {background-color: #CCC}.failedodd td,.attn {background-color: #F33}.failedeven td,.stripe .attn {background-color: #D00}.stacktrace {white-space:pre;font-family:monospace}.totop {font-size:85%;text-align:center;border-bottom:2px solid #000}.invisible {display:none}</style>
</head>
<body>
<table>
<tr><th>Test</th><th># Passed</th><th># Skipped</th><th># Failed</th><th>Time (ms)</th><th>Included Groups</th><th>Excluded Groups</th></tr>
<tr><th colspan="7">inetbankingVer1</th></tr>
<tr><td><a href="#t0">BankingApp Test</a></td><td class="num">0</td><td class="num attn">3</td><td class="num">0</td><td class="num">29,270</td><td></td><td></td></tr>
</table>
<table id='summary'><thead><tr><th>Class</th><th>Method</th><th>Start</th><th>Time (ms)</th></tr></thead><tbody><tr><th colspan="4">inetbankingVer1</th></tr></tbody><tbody id="t0"><tr><th colspan="4">BankingApp Test &#8212; failed (configuration methods)</th></tr><tr class="failedeven"><td rowspan="1">com.inetbanking.testcases.TC_AddCustomerTest_003</td><td><a href="#m0">setup</a></td><td rowspan="1">1653649499797</td><td rowspan="1">3558</td></tr><tr class="failedodd"><td rowspan="1">com.inetbanking.testcases.TC_LoginDDT_002</td><td><a href="#m1">setup</a></td><td rowspan="1">1653649496053</td><td rowspan="1">3721</td></tr><tr class="failedeven"><td rowspan="1">com.inetbanking.testcases.TC_LoginTest_001</td><td><a href="#m2">setup</a></td><td rowspan="1">1653649475232</td><td rowspan="1">20717</td></tr><tr><th colspan="4">BankingApp Test &#8212; skipped (configuration methods)</th></tr><tr class="skippedeven"><td rowspan="1">com.inetbanking.testcases.TC_AddCustomerTest_003</td><td><a href="#m3">tearDown</a></td><td rowspan="1">1653649503359</td><td rowspan="1">0</td></tr><tr class="skippedodd"><td rowspan="1">com.inetbanking.testcases.TC_LoginDDT_002</td><td><a href="#m4">tearDown</a></td><td rowspan="1">1653649499795</td><td rowspan="1">0</td></tr><tr class="skippedeven"><td rowspan="1">com.inetbanking.testcases.TC_LoginTest_001</td><td><a href="#m5">tearDown</a></td><td rowspan="1">1653649496051</td><td rowspan="1">0</td></tr><tr><th colspan="4">BankingApp Test &#8212; skipped</th></tr><tr class="skippedeven"><td rowspan="1">com.inetbanking.testcases.TC_AddCustomerTest_003</td><td><a href="#m6">addNewCustomer</a></td><td rowspan="1">1653649503359</td><td rowspan="1">0</td></tr><tr class="skippedodd"><td rowspan="1">com.inetbanking.testcases.TC_LoginDDT_002</td><td><a href="#m7">loginDDT</a></td><td rowspan="1">1653649499794</td><td rowspan="1">0</td></tr><tr class="skippedeven"><td rowspan="1">com.inetbanking.testcases.TC_LoginTest_001</td><td><a href="#m8">loginTest</a></td><td rowspan="1">1653649496025</td><td rowspan="1">0</td></tr></tbody>
</table>
<h2>BankingApp Test</h2><h3 id="m0">com.inetbanking.testcases.TC_AddCustomerTest_003#setup</h3><table class="result"><tr class="param"><th>Parameter #1</th></tr><tr class="param stripe"><td>chrome</td></tr><tr><th>Exception</th></tr><tr><td><div class="stacktrace">org.openqa.selenium.SessionNotCreatedException: session not created: This version of ChromeDriver only supports Chrome version 100
Current browser version is 102.0.5005.61 with binary path C:\Program Files (x86)\Google\Chrome\Application\chrome.exe
Build info: version: &apos;3.14.0&apos;, revision: &apos;aacccce0&apos;, time: &apos;2018-08-02T20:19:58.91Z&apos;
System info: host: &apos;MFG-DEEPIKA&apos;, ip: &apos;192.168.0.242&apos;, os.name: &apos;Windows 10&apos;, os.arch: &apos;amd64&apos;, os.version: &apos;10.0&apos;, java.version: &apos;1.8.0_202&apos;
Driver info: driver.version: ChromeDriver
remote stacktrace: Backtrace:
	Ordinal0 [0x010B7413+2389011]
	Ordinal0 [0x01049F61+1941345]
	Ordinal0 [0x00F3C658+837208]
	Ordinal0 [0x00F5C773+968563]
	Ordinal0 [0x00F5837A+951162]
	Ordinal0 [0x00F55C51+941137]
	Ordinal0 [0x00F88C80+1150080]
	Ordinal0 [0x00F888DA+1149146]
	Ordinal0 [0x00F83F66+1130342]
	Ordinal0 [0x00F5E546+976198]
	Ordinal0 [0x00F5F456+980054]
	GetHandleVerifier [0x01269632+1727522]
	GetHandleVerifier [0x0131BA4D+2457661]
	GetHandleVerifier [0x0114EB81+569713]
	GetHandleVerifier [0x0114DD76+566118]
	Ordinal0 [0x01050B2B+1968939]
	Ordinal0 [0x01055988+1989000]
	Ordinal0 [0x01055A75+1989237]
	Ordinal0 [0x0105ECB1+2026673]
	BaseThreadInitThunk [0x7662FA29+25]
	RtlGetAppContainerNamedObjectPath [0x77967A7E+286]
	RtlGetAppContainerNamedObjectPath [0x77967A4E+238]

	at org.openqa.selenium.remote.W3CHandshakeResponse.lambda$new$0(W3CHandshakeResponse.java:57)
	at org.openqa.selenium.remote.W3CHandshakeResponse.lambda$getResponseFunction$2(W3CHandshakeResponse.java:104)
	at org.openqa.selenium.remote.ProtocolHandshake.lambda$createSession$0(ProtocolHandshake.java:122)
	at java.util.stream.ReferencePipeline$3$1.accept(ReferencePipeline.java:193)
	at java.util.Spliterators$ArraySpliterator.tryAdvance(Spliterators.java:958)
	at java.util.stream.ReferencePipeline.forEachWithCancel(ReferencePipeline.java:126)
	at java.util.stream.AbstractPipeline.copyIntoWithCancel(AbstractPipeline.java:498)
	at java.util.stream.AbstractPipeline.copyInto(AbstractPipeline.java:485)
	at java.util.stream.AbstractPipeline.wrapAndCopyInto(AbstractPipeline.java:471)
	at java.util.stream.FindOps$FindOp.evaluateSequential(FindOps.java:152)
	at java.util.stream.AbstractPipeline.evaluate(AbstractPipeline.java:234)
	at java.util.stream.ReferencePipeline.findFirst(ReferencePipeline.java:464)
	at org.openqa.selenium.remote.ProtocolHandshake.createSession(ProtocolHandshake.java:125)
	at org.openqa.selenium.remote.ProtocolHandshake.createSession(ProtocolHandshake.java:73)
	at org.openqa.selenium.remote.HttpCommandExecutor.execute(HttpCommandExecutor.java:136)
	at org.openqa.selenium.remote.service.DriverCommandExecutor.execute(DriverCommandExecutor.java:83)
	at org.openqa.selenium.remote.RemoteWebDriver.execute(RemoteWebDriver.java:548)
	at org.openqa.selenium.remote.RemoteWebDriver.startSession(RemoteWebDriver.java:212)
	at org.openqa.selenium.remote.RemoteWebDriver.&lt;init&gt;(RemoteWebDriver.java:130)
	at org.openqa.selenium.chrome.ChromeDriver.&lt;init&gt;(ChromeDriver.java:181)
	at org.openqa.selenium.chrome.ChromeDriver.&lt;init&gt;(ChromeDriver.java:168)
	at org.openqa.selenium.chrome.ChromeDriver.&lt;init&gt;(ChromeDriver.java:123)
	at com.inetbanking.testcases.BaseClass.setup(BaseClass.java:44)
... Removed 33 stack frames</div></td></tr></table><p class="totop"><a href="#summary">back to summary</a></p>
<h3 id="m1">com.inetbanking.testcases.TC_LoginDDT_002#setup</h3><table class="result"><tr class="param"><th>Parameter #1</th></tr><tr class="param stripe"><td>chrome</td></tr><tr><th>Exception</th></tr><tr><td><div class="stacktrace">org.openqa.selenium.SessionNotCreatedException: session not created: This version of ChromeDriver only supports Chrome version 100
Current browser version is 102.0.5005.61 with binary path C:\Program Files (x86)\Google\Chrome\Application\chrome.exe
Build info: version: &apos;3.14.0&apos;, revision: &apos;aacccce0&apos;, time: &apos;2018-08-02T20:19:58.91Z&apos;
System info: host: &apos;MFG-DEEPIKA&apos;, ip: &apos;192.168.0.242&apos;, os.name: &apos;Windows 10&apos;, os.arch: &apos;amd64&apos;, os.version: &apos;10.0&apos;, java.version: &apos;1.8.0_202&apos;
Driver info: driver.version: ChromeDriver
remote stacktrace: Backtrace:
	Ordinal0 [0x010B7413+2389011]
	Ordinal0 [0x01049F61+1941345]
	Ordinal0 [0x00F3C658+837208]
	Ordinal0 [0x00F5C773+968563]
	Ordinal0 [0x00F5837A+951162]
	Ordinal0 [0x00F55C51+941137]
	Ordinal0 [0x00F88C80+1150080]
	Ordinal0 [0x00F888DA+1149146]
	Ordinal0 [0x00F83F66+1130342]
	Ordinal0 [0x00F5E546+976198]
	Ordinal0 [0x00F5F456+980054]
	GetHandleVerifier [0x01269632+1727522]
	GetHandleVerifier [0x0131BA4D+2457661]
	GetHandleVerifier [0x0114EB81+569713]
	GetHandleVerifier [0x0114DD76+566118]
	Ordinal0 [0x01050B2B+1968939]
	Ordinal0 [0x01055988+1989000]
	Ordinal0 [0x01055A75+1989237]
	Ordinal0 [0x0105ECB1+2026673]
	BaseThreadInitThunk [0x7662FA29+25]
	RtlGetAppContainerNamedObjectPath [0x77967A7E+286]
	RtlGetAppContainerNamedObjectPath [0x77967A4E+238]

	at org.openqa.selenium.remote.W3CHandshakeResponse.lambda$new$0(W3CHandshakeResponse.java:57)
	at org.openqa.selenium.remote.W3CHandshakeResponse.lambda$getResponseFunction$2(W3CHandshakeResponse.java:104)
	at org.openqa.selenium.remote.ProtocolHandshake.lambda$createSession$0(ProtocolHandshake.java:122)
	at java.util.stream.ReferencePipeline$3$1.accept(ReferencePipeline.java:193)
	at java.util.Spliterators$ArraySpliterator.tryAdvance(Spliterators.java:958)
	at java.util.stream.ReferencePipeline.forEachWithCancel(ReferencePipeline.java:126)
	at java.util.stream.AbstractPipeline.copyIntoWithCancel(AbstractPipeline.java:498)
	at java.util.stream.AbstractPipeline.copyInto(AbstractPipeline.java:485)
	at java.util.stream.AbstractPipeline.wrapAndCopyInto(AbstractPipeline.java:471)
	at java.util.stream.FindOps$FindOp.evaluateSequential(FindOps.java:152)
	at java.util.stream.AbstractPipeline.evaluate(AbstractPipeline.java:234)
	at java.util.stream.ReferencePipeline.findFirst(ReferencePipeline.java:464)
	at org.openqa.selenium.remote.ProtocolHandshake.createSession(ProtocolHandshake.java:125)
	at org.openqa.selenium.remote.ProtocolHandshake.createSession(ProtocolHandshake.java:73)
	at org.openqa.selenium.remote.HttpCommandExecutor.execute(HttpCommandExecutor.java:136)
	at org.openqa.selenium.remote.service.DriverCommandExecutor.execute(DriverCommandExecutor.java:83)
	at org.openqa.selenium.remote.RemoteWebDriver.execute(RemoteWebDriver.java:548)
	at org.openqa.selenium.remote.RemoteWebDriver.startSession(RemoteWebDriver.java:212)
	at org.openqa.selenium.remote.RemoteWebDriver.&lt;init&gt;(RemoteWebDriver.java:130)
	at org.openqa.selenium.chrome.ChromeDriver.&lt;init&gt;(ChromeDriver.java:181)
	at org.openqa.selenium.chrome.ChromeDriver.&lt;init&gt;(ChromeDriver.java:168)
	at org.openqa.selenium.chrome.ChromeDriver.&lt;init&gt;(ChromeDriver.java:123)
	at com.inetbanking.testcases.BaseClass.setup(BaseClass.java:44)
... Removed 33 stack frames</div></td></tr></table><p class="totop"><a href="#summary">back to summary</a></p>
<h3 id="m2">com.inetbanking.testcases.TC_LoginTest_001#setup</h3><table class="result"><tr class="param"><th>Parameter #1</th></tr><tr class="param stripe"><td>chrome</td></tr><tr><th>Exception</th></tr><tr><td><div class="stacktrace">org.openqa.selenium.SessionNotCreatedException: session not created: This version of ChromeDriver only supports Chrome version 100
Current browser version is 102.0.5005.61 with binary path C:\Program Files (x86)\Google\Chrome\Application\chrome.exe
Build info: version: &apos;3.14.0&apos;, revision: &apos;aacccce0&apos;, time: &apos;2018-08-02T20:19:58.91Z&apos;
System info: host: &apos;MFG-DEEPIKA&apos;, ip: &apos;192.168.0.242&apos;, os.name: &apos;Windows 10&apos;, os.arch: &apos;amd64&apos;, os.version: &apos;10.0&apos;, java.version: &apos;1.8.0_202&apos;
Driver info: driver.version: ChromeDriver
remote stacktrace: Backtrace:
	Ordinal0 [0x010B7413+2389011]
	Ordinal0 [0x01049F61+1941345]
	Ordinal0 [0x00F3C658+837208]
	Ordinal0 [0x00F5C773+968563]
	Ordinal0 [0x00F5837A+951162]
	Ordinal0 [0x00F55C51+941137]
	Ordinal0 [0x00F88C80+1150080]
	Ordinal0 [0x00F888DA+1149146]
	Ordinal0 [0x00F83F66+1130342]
	Ordinal0 [0x00F5E546+976198]
	Ordinal0 [0x00F5F456+980054]
	GetHandleVerifier [0x01269632+1727522]
	GetHandleVerifier [0x0131BA4D+2457661]
	GetHandleVerifier [0x0114EB81+569713]
	GetHandleVerifier [0x0114DD76+566118]
	Ordinal0 [0x01050B2B+1968939]
	Ordinal0 [0x01055988+1989000]
	Ordinal0 [0x01055A75+1989237]
	Ordinal0 [0x0105ECB1+2026673]
	BaseThreadInitThunk [0x7662FA29+25]
	RtlGetAppContainerNamedObjectPath [0x77967A7E+286]
	RtlGetAppContainerNamedObjectPath [0x77967A4E+238]

	at org.openqa.selenium.remote.W3CHandshakeResponse.lambda$new$0(W3CHandshakeResponse.java:57)
	at org.openqa.selenium.remote.W3CHandshakeResponse.lambda$getResponseFunction$2(W3CHandshakeResponse.java:104)
	at org.openqa.selenium.remote.ProtocolHandshake.lambda$createSession$0(ProtocolHandshake.java:122)
	at java.util.stream.ReferencePipeline$3$1.accept(ReferencePipeline.java:193)
	at java.util.Spliterators$ArraySpliterator.tryAdvance(Spliterators.java:958)
	at java.util.stream.ReferencePipeline.forEachWithCancel(ReferencePipeline.java:126)
	at java.util.stream.AbstractPipeline.copyIntoWithCancel(AbstractPipeline.java:498)
	at java.util.stream.AbstractPipeline.copyInto(AbstractPipeline.java:485)
	at java.util.stream.AbstractPipeline.wrapAndCopyInto(AbstractPipeline.java:471)
	at java.util.stream.FindOps$FindOp.evaluateSequential(FindOps.java:152)
	at java.util.stream.AbstractPipeline.evaluate(AbstractPipeline.java:234)
	at java.util.stream.ReferencePipeline.findFirst(ReferencePipeline.java:464)
	at org.openqa.selenium.remote.ProtocolHandshake.createSession(ProtocolHandshake.java:125)
	at org.openqa.selenium.remote.ProtocolHandshake.createSession(ProtocolHandshake.java:73)
	at org.openqa.selenium.remote.HttpCommandExecutor.execute(HttpCommandExecutor.java:136)
	at org.openqa.selenium.remote.service.DriverCommandExecutor.execute(DriverCommandExecutor.java:83)
	at org.openqa.selenium.remote.RemoteWebDriver.execute(RemoteWebDriver.java:548)
	at org.openqa.selenium.remote.RemoteWebDriver.startSession(RemoteWebDriver.java:212)
	at org.openqa.selenium.remote.RemoteWebDriver.&lt;init&gt;(RemoteWebDriver.java:130)
	at org.openqa.selenium.chrome.ChromeDriver.&lt;init&gt;(ChromeDriver.java:181)
	at org.openqa.selenium.chrome.ChromeDriver.&lt;init&gt;(ChromeDriver.java:168)
	at org.openqa.selenium.chrome.ChromeDriver.&lt;init&gt;(ChromeDriver.java:123)
	at com.inetbanking.testcases.BaseClass.setup(BaseClass.java:44)
... Removed 33 stack frames</div></td></tr></table><p class="totop"><a href="#summary">back to summary</a></p>
<h3 id="m3">com.inetbanking.testcases.TC_AddCustomerTest_003#tearDown</h3><table class="result"><tr><th class="invisible"/></tr></table><p class="totop"><a href="#summary">back to summary</a></p>
<h3 id="m4">com.inetbanking.testcases.TC_LoginDDT_002#tearDown</h3><table class="result"><tr><th class="invisible"/></tr></table><p class="totop"><a href="#summary">back to summary</a></p>
<h3 id="m5">com.inetbanking.testcases.TC_LoginTest_001#tearDown</h3><table class="result"><tr><th class="invisible"/></tr></table><p class="totop"><a href="#summary">back to summary</a></p>
<h3 id="m6">com.inetbanking.testcases.TC_AddCustomerTest_003#addNewCustomer</h3><table class="result"><tr><th>Exception</th></tr><tr><td><div class="stacktrace">org.openqa.selenium.SessionNotCreatedException: session not created: This version of ChromeDriver only supports Chrome version 100
Current browser version is 102.0.5005.61 with binary path C:\Program Files (x86)\Google\Chrome\Application\chrome.exe
Build info: version: &apos;3.14.0&apos;, revision: &apos;aacccce0&apos;, time: &apos;2018-08-02T20:19:58.91Z&apos;
System info: host: &apos;MFG-DEEPIKA&apos;, ip: &apos;192.168.0.242&apos;, os.name: &apos;Windows 10&apos;, os.arch: &apos;amd64&apos;, os.version: &apos;10.0&apos;, java.version: &apos;1.8.0_202&apos;
Driver info: driver.version: ChromeDriver
remote stacktrace: Backtrace:
	Ordinal0 [0x010B7413+2389011]
	Ordinal0 [0x01049F61+1941345]
	Ordinal0 [0x00F3C658+837208]
	Ordinal0 [0x00F5C773+968563]
	Ordinal0 [0x00F5837A+951162]
	Ordinal0 [0x00F55C51+941137]
	Ordinal0 [0x00F88C80+1150080]
	Ordinal0 [0x00F888DA+1149146]
	Ordinal0 [0x00F83F66+1130342]
	Ordinal0 [0x00F5E546+976198]
	Ordinal0 [0x00F5F456+980054]
	GetHandleVerifier [0x01269632+1727522]
	GetHandleVerifier [0x0131BA4D+2457661]
	GetHandleVerifier [0x0114EB81+569713]
	GetHandleVerifier [0x0114DD76+566118]
	Ordinal0 [0x01050B2B+1968939]
	Ordinal0 [0x01055988+1989000]
	Ordinal0 [0x01055A75+1989237]
	Ordinal0 [0x0105ECB1+2026673]
	BaseThreadInitThunk [0x7662FA29+25]
	RtlGetAppContainerNamedObjectPath [0x77967A7E+286]
	RtlGetAppContainerNamedObjectPath [0x77967A4E+238]

	at org.openqa.selenium.remote.W3CHandshakeResponse.lambda$new$0(W3CHandshakeResponse.java:57)
	at org.openqa.selenium.remote.W3CHandshakeResponse.lambda$getResponseFunction$2(W3CHandshakeResponse.java:104)
	at org.openqa.selenium.remote.ProtocolHandshake.lambda$createSession$0(ProtocolHandshake.java:122)
	at java.util.stream.ReferencePipeline$3$1.accept(ReferencePipeline.java:193)
	at java.util.Spliterators$ArraySpliterator.tryAdvance(Spliterators.java:958)
	at java.util.stream.ReferencePipeline.forEachWithCancel(ReferencePipeline.java:126)
	at java.util.stream.AbstractPipeline.copyIntoWithCancel(AbstractPipeline.java:498)
	at java.util.stream.AbstractPipeline.copyInto(AbstractPipeline.java:485)
	at java.util.stream.AbstractPipeline.wrapAndCopyInto(AbstractPipeline.java:471)
	at java.util.stream.FindOps$FindOp.evaluateSequential(FindOps.java:152)
	at java.util.stream.AbstractPipeline.evaluate(AbstractPipeline.java:234)
	at java.util.stream.ReferencePipeline.findFirst(ReferencePipeline.java:464)
	at org.openqa.selenium.remote.ProtocolHandshake.createSession(ProtocolHandshake.java:125)
	at org.openqa.selenium.remote.ProtocolHandshake.createSession(ProtocolHandshake.java:73)
	at org.openqa.selenium.remote.HttpCommandExecutor.execute(HttpCommandExecutor.java:136)
	at org.openqa.selenium.remote.service.DriverCommandExecutor.execute(DriverCommandExecutor.java:83)
	at org.openqa.selenium.remote.RemoteWebDriver.execute(RemoteWebDriver.java:548)
	at org.openqa.selenium.remote.RemoteWebDriver.startSession(RemoteWebDriver.java:212)
	at org.openqa.selenium.remote.RemoteWebDriver.&lt;init&gt;(RemoteWebDriver.java:130)
	at org.openqa.selenium.chrome.ChromeDriver.&lt;init&gt;(ChromeDriver.java:181)
	at org.openqa.selenium.chrome.ChromeDriver.&lt;init&gt;(ChromeDriver.java:168)
	at org.openqa.selenium.chrome.ChromeDriver.&lt;init&gt;(ChromeDriver.java:123)
	at com.inetbanking.testcases.BaseClass.setup(BaseClass.java:44)
... Removed 33 stack frames</div></td></tr></table><p class="totop"><a href="#summary">back to summary</a></p>
<h3 id="m7">com.inetbanking.testcases.TC_LoginDDT_002#loginDDT</h3><table class="result"><tr><th>Exception</th></tr><tr><td><div class="stacktrace">java.lang.RuntimeException: java.io.FileNotFoundException: C:\Users\MFG\eclipse-workspace\inetbankingVer1\src\test\java\com\inetbanking\testData\LoginData.xlsx (The system cannot find the file specified)
Caused by: java.io.FileNotFoundException: C:\Users\MFG\eclipse-workspace\inetbankingVer1\src\test\java\com\inetbanking\testData\LoginData.xlsx (The system cannot find the file specified)
	at java.io.FileInputStream.open0(Native Method)
	at java.io.FileInputStream.open(FileInputStream.java:195)
	at java.io.FileInputStream.&lt;init&gt;(FileInputStream.java:138)
	at java.io.FileInputStream.&lt;init&gt;(FileInputStream.java:93)
	at com.inetbanking.utilities.XLUtils.getRowCount(XLUtils.java:26)
	at com.inetbanking.testcases.TC_LoginDDT_002.getData(TC_LoginDDT_002.java:70)
	... 25 more
... Removed 33 stack frames</div></td></tr></table><p class="totop"><a href="#summary">back to summary</a></p>
<h3 id="m8">com.inetbanking.testcases.TC_LoginTest_001#loginTest</h3><table class="result"><tr><th>Exception</th></tr><tr><td><div class="stacktrace">org.openqa.selenium.SessionNotCreatedException: session not created: This version of ChromeDriver only supports Chrome version 100
Current browser version is 102.0.5005.61 with binary path C:\Program Files (x86)\Google\Chrome\Application\chrome.exe
Build info: version: &apos;3.14.0&apos;, revision: &apos;aacccce0&apos;, time: &apos;2018-08-02T20:19:58.91Z&apos;
System info: host: &apos;MFG-DEEPIKA&apos;, ip: &apos;192.168.0.242&apos;, os.name: &apos;Windows 10&apos;, os.arch: &apos;amd64&apos;, os.version: &apos;10.0&apos;, java.version: &apos;1.8.0_202&apos;
Driver info: driver.version: ChromeDriver
remote stacktrace: Backtrace:
	Ordinal0 [0x010B7413+2389011]
	Ordinal0 [0x01049F61+1941345]
	Ordinal0 [0x00F3C658+837208]
	Ordinal0 [0x00F5C773+968563]
	Ordinal0 [0x00F5837A+951162]
	Ordinal0 [0x00F55C51+941137]
	Ordinal0 [0x00F88C80+1150080]
	Ordinal0 [0x00F888DA+1149146]
	Ordinal0 [0x00F83F66+1130342]
	Ordinal0 [0x00F5E546+976198]
	Ordinal0 [0x00F5F456+980054]
	GetHandleVerifier [0x01269632+1727522]
	GetHandleVerifier [0x0131BA4D+2457661]
	GetHandleVerifier [0x0114EB81+569713]
	GetHandleVerifier [0x0114DD76+566118]
	Ordinal0 [0x01050B2B+1968939]
	Ordinal0 [0x01055988+1989000]
	Ordinal0 [0x01055A75+1989237]
	Ordinal0 [0x0105ECB1+2026673]
	BaseThreadInitThunk [0x7662FA29+25]
	RtlGetAppContainerNamedObjectPath [0x77967A7E+286]
	RtlGetAppContainerNamedObjectPath [0x77967A4E+238]

	at org.openqa.selenium.remote.W3CHandshakeResponse.lambda$new$0(W3CHandshakeResponse.java:57)
	at org.openqa.selenium.remote.W3CHandshakeResponse.lambda$getResponseFunction$2(W3CHandshakeResponse.java:104)
	at org.openqa.selenium.remote.ProtocolHandshake.lambda$createSession$0(ProtocolHandshake.java:122)
	at java.util.stream.ReferencePipeline$3$1.accept(ReferencePipeline.java:193)
	at java.util.Spliterators$ArraySpliterator.tryAdvance(Spliterators.java:958)
	at java.util.stream.ReferencePipeline.forEachWithCancel(ReferencePipeline.java:126)
	at java.util.stream.AbstractPipeline.copyIntoWithCancel(AbstractPipeline.java:498)
	at java.util.stream.AbstractPipeline.copyInto(AbstractPipeline.java:485)
	at java.util.stream.AbstractPipeline.wrapAndCopyInto(AbstractPipeline.java:471)
	at java.util.stream.FindOps$FindOp.evaluateSequential(FindOps.java:152)
	at java.util.stream.AbstractPipeline.evaluate(AbstractPipeline.java:234)
	at java.util.stream.ReferencePipeline.findFirst(ReferencePipeline.java:464)
	at org.openqa.selenium.remote.ProtocolHandshake.createSession(ProtocolHandshake.java:125)
	at org.openqa.selenium.remote.ProtocolHandshake.createSession(ProtocolHandshake.java:73)
	at org.openqa.selenium.remote.HttpCommandExecutor.execute(HttpCommandExecutor.java:136)
	at org.openqa.selenium.remote.service.DriverCommandExecutor.execute(DriverCommandExecutor.java:83)
	at org.openqa.selenium.remote.RemoteWebDriver.execute(RemoteWebDriver.java:548)
	at org.openqa.selenium.remote.RemoteWebDriver.startSession(RemoteWebDriver.java:212)
	at org.openqa.selenium.remote.RemoteWebDriver.&lt;init&gt;(RemoteWebDriver.java:130)
	at org.openqa.selenium.chrome.ChromeDriver.&lt;init&gt;(ChromeDriver.java:181)
	at org.openqa.selenium.chrome.ChromeDriver.&lt;init&gt;(ChromeDriver.java:168)
	at org.openqa.selenium.chrome.ChromeDriver.&lt;init&gt;(ChromeDriver.java:123)
	at com.inetbanking.testcases.BaseClass.setup(BaseClass.java:44)
... Removed 33 stack frames</div></td></tr></table><p class="totop"><a href="#summary">back to summary</a></p>
</body>
</html>
